Using pre-set license
Built from '2021.3/staging' branch; Version is '2021.3.20f1 (577897200b8b) revision 5732503'; Using compiler version '192829333'; Build Type 'Release'
OS: 'Windows 11  (10.0.22621) 64bit Core' Language: 'en' Physical Memory: 31941 MB
BatchMode: 1, IsHumanControllingUs: 0, StartBugReporterOnCrash: 0, Is64bit: 1, IsPro: 1

COMMAND LINE ARGUMENTS:
C:\Program Files\Unity\Hub\Editor\2021.3.20f1\Editor\Unity.exe
-adb2
-batchMode
-noUpm
-name
AssetImportWorker1
-projectPath
C:/Users/Shuxu/OneDrive/Documents/GitHub/Art_Gallery_Game/My project
-logFile
Logs/AssetImportWorker1.log
-srvPort
53768
Successfully changed project path to: C:/Users/Shuxu/OneDrive/Documents/GitHub/Art_Gallery_Game/My project
C:/Users/Shuxu/OneDrive/Documents/GitHub/Art_Gallery_Game/My project
[UnityMemory] Configuration Parameters - Can be set up in boot.config
    "memorysetup-bucket-allocator-granularity=16"
    "memorysetup-bucket-allocator-bucket-count=8"
    "memorysetup-bucket-allocator-block-size=33554432"
    "memorysetup-bucket-allocator-block-count=8"
    "memorysetup-main-allocator-block-size=16777216"
    "memorysetup-thread-allocator-block-size=16777216"
    "memorysetup-gfx-main-allocator-block-size=16777216"
    "memorysetup-gfx-thread-allocator-block-size=16777216"
    "memorysetup-cache-allocator-block-size=4194304"
    "memorysetup-typetree-allocator-block-size=2097152"
    "memorysetup-profiler-bucket-allocator-granularity=16"
    "memorysetup-profiler-bucket-allocator-bucket-count=8"
    "memorysetup-profiler-bucket-allocator-block-size=33554432"
    "memorysetup-profiler-bucket-allocator-block-count=8"
    "memorysetup-profiler-allocator-block-size=16777216"
    "memorysetup-profiler-editor-allocator-block-size=1048576"
    "memorysetup-temp-allocator-size-main=16777216"
    "memorysetup-job-temp-allocator-block-size=2097152"
    "memorysetup-job-temp-allocator-block-size-background=1048576"
    "memorysetup-job-temp-allocator-reduction-small-platforms=262144"
    "memorysetup-temp-allocator-size-background-worker=32768"
    "memorysetup-temp-allocator-size-job-worker=262144"
    "memorysetup-temp-allocator-size-preload-manager=33554432"
    "memorysetup-temp-allocator-size-nav-mesh-worker=65536"
    "memorysetup-temp-allocator-size-audio-worker=65536"
    "memorysetup-temp-allocator-size-cloud-worker=32768"
    "memorysetup-temp-allocator-size-gi-baking-worker=262144"
    "memorysetup-temp-allocator-size-gfx=262144"
Player connection [25660] Host "[IP] 192.168.0.163 [Port] 0 [Flags] 2 [Guid] 172181243 [EditorId] 172181243 [Version] 1048832 [Id] WindowsEditor(7,suz) [Debug] 1 [PackageName] WindowsEditor [ProjectName] Editor" joined multi-casting on [225.0.0.222:54997]...

Player connection [25660] Host "[IP] 192.168.0.163 [Port] 0 [Flags] 2 [Guid] 172181243 [EditorId] 172181243 [Version] 1048832 [Id] WindowsEditor(7,suz) [Debug] 1 [PackageName] WindowsEditor [ProjectName] Editor" joined alternative multi-casting on [225.0.0.222:34997]...

Refreshing native plugins compatible for Editor in 71.81 ms, found 4 plugins.
Preloading 0 native plugins for Editor in 0.00 ms.
Initialize engine version: 2021.3.20f1 (577897200b8b)
[Subsystems] Discovering subsystems at path C:/Program Files/Unity/Hub/Editor/2021.3.20f1/Editor/Data/Resources/UnitySubsystems
[Subsystems] Discovering subsystems at path C:/Users/Shuxu/OneDrive/Documents/GitHub/Art_Gallery_Game/My project/Assets
GfxDevice: creating device client; threaded=0; jobified=0
Direct3D:
    Version:  Direct3D 11.0 [level 11.1]
    Renderer: NVIDIA GeForce RTX 3070 Ti Laptop GPU (ID=0x24e0)
    Vendor:   NVIDIA
    VRAM:     8043 MB
    Driver:   30.0.15.1298
Initialize mono
Mono path[0] = 'C:/Program Files/Unity/Hub/Editor/2021.3.20f1/Editor/Data/Managed'
Mono path[1] = 'C:/Program Files/Unity/Hub/Editor/2021.3.20f1/Editor/Data/MonoBleedingEdge/lib/mono/unityjit-win32'
Mono config path = 'C:/Program Files/Unity/Hub/Editor/2021.3.20f1/Editor/Data/MonoBleedingEdge/etc'
Using monoOptions --debugger-agent=transport=dt_socket,embedding=1,server=y,suspend=n,address=127.0.0.1:56060
Begin MonoManager ReloadAssembly
Registering precompiled unity dll's ...
Register platform support module: C:/Program Files/Unity/Hub/Editor/2021.3.20f1/Editor/Data/PlaybackEngines/WindowsStandaloneSupport/UnityEditor.WindowsStandalone.Extensions.dll
Registered in 0.005756 seconds.
Native extension for WindowsStandalone target not found
Refreshing native plugins compatible for Editor in 72.88 ms, found 4 plugins.
Preloading 0 native plugins for Editor in 0.00 ms.
Mono: successfully reloaded assembly
- Completed reload, in  0.574 seconds
Domain Reload Profiling:
	ReloadAssembly (574ms)
		BeginReloadAssembly (73ms)
			ExecutionOrderSort (0ms)
			DisableScriptedObjects (0ms)
			BackupInstance (0ms)
			ReleaseScriptingObjects (0ms)
			CreateAndSetChildDomain (1ms)
		EndReloadAssembly (403ms)
			LoadAssemblies (71ms)
			RebuildTransferFunctionScriptingTraits (0ms)
			SetupTypeCache (93ms)
			ReleaseScriptCaches (0ms)
			RebuildScriptCaches (25ms)
			SetupLoadedEditorAssemblies (240ms)
				LogAssemblyErrors (0ms)
				InitializePlatformSupportModulesInManaged (6ms)
				SetLoadedEditorAssemblies (0ms)
				RefreshPlugins (73ms)
				BeforeProcessingInitializeOnLoad (1ms)
				ProcessInitializeOnLoadAttributes (121ms)
				ProcessInitializeOnLoadMethodAttributes (38ms)
				AfterProcessingInitializeOnLoad (0ms)
				EditorAssembliesLoaded (0ms)
			ExecutionOrderSort2 (0ms)
			AwakeInstancesAfterBackupRestoration (0ms)
Platform modules already initialized, skipping
Registering precompiled user dll's ...
Registered in 0.008208 seconds.
Begin MonoManager ReloadAssembly
Symbol file LoadedFromMemory doesn't match image C:\Users\Shuxu\OneDrive\Documents\GitHub\Art_Gallery_Game\My project\Library\PackageCache\com.unity.visualscripting@1.8.0\Editor\VisualScripting.Core\Dependencies\YamlDotNet\Unity.VisualScripting.YamlDotNet.dll
Symbol file LoadedFromMemory doesn't match image C:\Users\Shuxu\OneDrive\Documents\GitHub\Art_Gallery_Game\My project\Library\PackageCache\com.unity.visualscripting@1.8.0\Editor\VisualScripting.Core\Dependencies\DotNetZip\Unity.VisualScripting.IonicZip.dll
Native extension for WindowsStandalone target not found
Refreshing native plugins compatible for Editor in 73.21 ms, found 4 plugins.
Preloading 0 native plugins for Editor in 0.00 ms.
Mono: successfully reloaded assembly
- Completed reload, in  0.972 seconds
Domain Reload Profiling:
	ReloadAssembly (973ms)
		BeginReloadAssembly (103ms)
			ExecutionOrderSort (0ms)
			DisableScriptedObjects (5ms)
			BackupInstance (0ms)
			ReleaseScriptingObjects (0ms)
			CreateAndSetChildDomain (19ms)
		EndReloadAssembly (782ms)
			LoadAssemblies (82ms)
			RebuildTransferFunctionScriptingTraits (0ms)
			SetupTypeCache (212ms)
			ReleaseScriptCaches (1ms)
			RebuildScriptCaches (45ms)
			SetupLoadedEditorAssemblies (397ms)
				LogAssemblyErrors (0ms)
				InitializePlatformSupportModulesInManaged (4ms)
				SetLoadedEditorAssemblies (0ms)
				RefreshPlugins (73ms)
				BeforeProcessingInitializeOnLoad (80ms)
				ProcessInitializeOnLoadAttributes (199ms)
				ProcessInitializeOnLoadMethodAttributes (32ms)
				AfterProcessingInitializeOnLoad (9ms)
				EditorAssembliesLoaded (0ms)
			ExecutionOrderSort2 (0ms)
			AwakeInstancesAfterBackupRestoration (9ms)
Platform modules already initialized, skipping
========================================================================
Worker process is ready to serve import requests
Launched and connected shader compiler UnityShaderCompiler.exe after 0.05 seconds
Refreshing native plugins compatible for Editor in 0.70 ms, found 4 plugins.
Preloading 0 native plugins for Editor in 0.00 ms.
Unloading 3735 Unused Serialized files (Serialized files now loaded: 0)
Unloading 35 unused Assets / (56.5 KB). Loaded Objects now: 4194.
Memory consumption went from 142.6 MB to 142.5 MB.
Total: 2.710700 ms (FindLiveObjects: 0.307300 ms CreateObjectMapping: 0.102000 ms MarkObjects: 2.233700 ms  DeleteObjects: 0.066700 ms)

AssetImportParameters requested are different than current active one (requested -> active):
  custom:video-decoder-ogg-theora: a1e56fd34408186e4bbccfd4996cb3dc -> 
  custom:container-muxer-webm: aa71ff27fc2769a1b78a27578f13a17b -> 
  custom:container-demuxer-webm: 4f35f7cbe854078d1ac9338744f61a02 -> 
  custom:video-encoder-webm-vp8: eb34c28f22e8b96e1ab97ce403110664 -> 
  custom:video-codec-MediaFoundation-h265: 746d11721c4dcdbdad8f713fa42b33f4 -> 
  custom:audio-encoder-webm-vorbis: bf7c407c2cedff20999df2af8eb42d56 -> 
  custom:framework-win-MediaFoundation: 216162199b28c13a410421893ffa2e32 -> 
  custom:container-demuxer-ogg: 62fdf1f143b41e24485cea50d1cbac27 -> 
  custom:video-decoder-webm-vp8: 9c59270c3fd7afecdb556c50c9e8de78 -> 
  custom:audio-decoder-ogg-vorbis: bf7c407c2cedff20999df2af8eb42d56 -> 
========================================================================
Received Import Request.
  Time since last request: 216455.610290 seconds.
  path: Assets/Scenes
  artifactKey: Guid(131a6b21c8605f84396be9f6751fb6e3) Importer(815301076,1909f56bfc062723c751e8b465ee728b)
Start importing Assets/Scenes using Guid(131a6b21c8605f84396be9f6751fb6e3) Importer(815301076,1909f56bfc062723c751e8b465ee728b)  -> (artifact id: '2c23e514d24f6b65fe96946cd87fc526') in 0.012399 seconds 
========================================================================
Received Import Request.
  Time since last request: 0.000019 seconds.
  path: Assets/Scenes/StartGame.unity
  artifactKey: Guid(b791104644ac1d147b9f119854aaa1e1) Importer(815301076,1909f56bfc062723c751e8b465ee728b)
Start importing Assets/Scenes/StartGame.unity using Guid(b791104644ac1d147b9f119854aaa1e1) Importer(815301076,1909f56bfc062723c751e8b465ee728b)  -> (artifact id: '87c1ff18011997020a80c45a467f18f6') in 0.008025 seconds 
========================================================================
Received Prepare
Registering precompiled user dll's ...
Registered in 0.007715 seconds.
Begin MonoManager ReloadAssembly
Symbol file LoadedFromMemory doesn't match image C:\Users\Shuxu\OneDrive\Documents\GitHub\Art_Gallery_Game\My project\Library\PackageCache\com.unity.visualscripting@1.8.0\Editor\VisualScripting.Core\Dependencies\YamlDotNet\Unity.VisualScripting.YamlDotNet.dll
Symbol file LoadedFromMemory doesn't match image C:\Users\Shuxu\OneDrive\Documents\GitHub\Art_Gallery_Game\My project\Library\PackageCache\com.unity.visualscripting@1.8.0\Editor\VisualScripting.Core\Dependencies\DotNetZip\Unity.VisualScripting.IonicZip.dll
Native extension for WindowsStandalone target not found
Refreshing native plugins compatible for Editor in 0.67 ms, found 4 plugins.
Preloading 0 native plugins for Editor in 0.00 ms.
Mono: successfully reloaded assembly
- Completed reload, in  0.769 seconds
Domain Reload Profiling:
	ReloadAssembly (770ms)
		BeginReloadAssembly (125ms)
			ExecutionOrderSort (0ms)
			DisableScriptedObjects (7ms)
			BackupInstance (0ms)
			ReleaseScriptingObjects (0ms)
			CreateAndSetChildDomain (33ms)
		EndReloadAssembly (561ms)
			LoadAssemblies (83ms)
			RebuildTransferFunctionScriptingTraits (0ms)
			SetupTypeCache (168ms)
			ReleaseScriptCaches (1ms)
			RebuildScriptCaches (32ms)
			SetupLoadedEditorAssemblies (258ms)
				LogAssemblyErrors (0ms)
				InitializePlatformSupportModulesInManaged (5ms)
				SetLoadedEditorAssemblies (0ms)
				RefreshPlugins (1ms)
				BeforeProcessingInitializeOnLoad (59ms)
				ProcessInitializeOnLoadAttributes (158ms)
				ProcessInitializeOnLoadMethodAttributes (26ms)
				AfterProcessingInitializeOnLoad (8ms)
				EditorAssembliesLoaded (0ms)
			ExecutionOrderSort2 (0ms)
			AwakeInstancesAfterBackupRestoration (7ms)
Platform modules already initialized, skipping
Refreshing native plugins compatible for Editor in 2.43 ms, found 4 plugins.
Preloading 0 native plugins for Editor in 0.00 ms.
Unloading 3726 Unused Serialized files (Serialized files now loaded: 0)
Unloading 22 unused Assets / (24.6 KB). Loaded Objects now: 4199.
Memory consumption went from 141.5 MB to 141.5 MB.
Total: 2.395100 ms (FindLiveObjects: 0.245400 ms CreateObjectMapping: 0.079200 ms MarkObjects: 2.048600 ms  DeleteObjects: 0.021100 ms)

AssetImportParameters requested are different than current active one (requested -> active):
  custom:video-decoder-ogg-theora: a1e56fd34408186e4bbccfd4996cb3dc -> 
  custom:container-muxer-webm: aa71ff27fc2769a1b78a27578f13a17b -> 
  custom:container-demuxer-webm: 4f35f7cbe854078d1ac9338744f61a02 -> 
  custom:video-encoder-webm-vp8: eb34c28f22e8b96e1ab97ce403110664 -> 
  custom:video-codec-MediaFoundation-h265: 746d11721c4dcdbdad8f713fa42b33f4 -> 
  custom:audio-encoder-webm-vorbis: bf7c407c2cedff20999df2af8eb42d56 -> 
  custom:framework-win-MediaFoundation: 216162199b28c13a410421893ffa2e32 -> 
  custom:container-demuxer-ogg: 62fdf1f143b41e24485cea50d1cbac27 -> 
  custom:video-decoder-webm-vp8: 9c59270c3fd7afecdb556c50c9e8de78 -> 
  custom:audio-decoder-ogg-vorbis: bf7c407c2cedff20999df2af8eb42d56 -> 
========================================================================
Received Import Request.
  Time since last request: 361.714203 seconds.
  path: Assets/CyberPunk_Blonde/Sprites/Egypt_Gladiators/Prefabs/Characters/Gladiator_BASE.prefab
  artifactKey: Guid(307f1891fc4b40040b962bfa1abc7bdd) Importer(815301076,1909f56bfc062723c751e8b465ee728b)
Start importing Assets/CyberPunk_Blonde/Sprites/Egypt_Gladiators/Prefabs/Characters/Gladiator_BASE.prefab using Guid(307f1891fc4b40040b962bfa1abc7bdd) Importer(815301076,1909f56bfc062723c751e8b465ee728b)  -> (artifact id: '81944b4524d6ba047b619a04373feda8') in 0.028205 seconds 
========================================================================
Received Import Request.
  Time since last request: 0.000029 seconds.
  path: Assets/CyberPunk_Blonde/Sprites/Egypt_Gladiators/Prefabs/Characters/Gladiator_BLUE.prefab
  artifactKey: Guid(654bee44aa9fb2640ac43761ee8b0db8) Importer(815301076,1909f56bfc062723c751e8b465ee728b)
Start importing Assets/CyberPunk_Blonde/Sprites/Egypt_Gladiators/Prefabs/Characters/Gladiator_BLUE.prefab using Guid(654bee44aa9fb2640ac43761ee8b0db8) Importer(815301076,1909f56bfc062723c751e8b465ee728b)  -> (artifact id: '03baa07b2f88ce0b18e1ee0d70232810') in 0.128612 seconds 
========================================================================
Received Import Request.
  Time since last request: 4.465125 seconds.
  path: Assets/CyberPunk_Blonde/Sprites/Egypt_Gladiators/Prefabs/Objects/BlackShoes2.prefab
  artifactKey: Guid(e71c86634d925a04ca63f2e6a5d1976b) Importer(815301076,1909f56bfc062723c751e8b465ee728b)
Start importing Assets/CyberPunk_Blonde/Sprites/Egypt_Gladiators/Prefabs/Objects/BlackShoes2.prefab using Guid(e71c86634d925a04ca63f2e6a5d1976b) Importer(815301076,1909f56bfc062723c751e8b465ee728b)  -> (artifact id: '2e9653a578d0d9196556d3d7a9b800c4') in 0.027677 seconds 
========================================================================
Received Import Request.
  Time since last request: 0.000028 seconds.
  path: Assets/CyberPunk_Blonde/Sprites/Egypt_Gladiators/Prefabs/Objects/PickupSpeedO.prefab
  artifactKey: Guid(6ded1974f6e9b3f44885e9a8f71895eb) Importer(815301076,1909f56bfc062723c751e8b465ee728b)
Start importing Assets/CyberPunk_Blonde/Sprites/Egypt_Gladiators/Prefabs/Objects/PickupSpeedO.prefab using Guid(6ded1974f6e9b3f44885e9a8f71895eb) Importer(815301076,1909f56bfc062723c751e8b465ee728b)  -> (artifact id: 'ff70121eb559e7dd9c3831cde3a41489') in 0.021326 seconds 
========================================================================
Received Import Request.
  Time since last request: 0.000029 seconds.
  path: Assets/CyberPunk_Blonde/Sprites/Egypt_Gladiators/Prefabs/Objects/Explode.prefab
  artifactKey: Guid(fee4abedf836b29409d41e02a8b7e90f) Importer(815301076,1909f56bfc062723c751e8b465ee728b)
Start importing Assets/CyberPunk_Blonde/Sprites/Egypt_Gladiators/Prefabs/Objects/Explode.prefab using Guid(fee4abedf836b29409d41e02a8b7e90f) Importer(815301076,1909f56bfc062723c751e8b465ee728b)  -> (artifact id: 'b83415a1c1a6db86ef1d01189d851947') in 0.019261 seconds 
========================================================================
Received Import Request.
  Time since last request: 0.000020 seconds.
  path: Assets/CyberPunk_Blonde/Sprites/Egypt_Gladiators/Prefabs/Objects/BreakGlass.prefab
  artifactKey: Guid(d28ee5366bd849743a9fdf84b69bf5a8) Importer(815301076,1909f56bfc062723c751e8b465ee728b)
Start importing Assets/CyberPunk_Blonde/Sprites/Egypt_Gladiators/Prefabs/Objects/BreakGlass.prefab using Guid(d28ee5366bd849743a9fdf84b69bf5a8) Importer(815301076,1909f56bfc062723c751e8b465ee728b)  -> (artifact id: '53f4ce3420f0d1968f177807ff159dc8') in 0.019075 seconds 
========================================================================
Received Import Request.
  Time since last request: 6.955954 seconds.
  path: Assets/CyberPunk_Blonde/Sprites/Egypt_Gladiators/Sprites/Anubis/Anubis_South_Walk.png
  artifactKey: Guid(125a63fa69f337b48a5aad9eb6674b2d) Importer(815301076,1909f56bfc062723c751e8b465ee728b)
Start importing Assets/CyberPunk_Blonde/Sprites/Egypt_Gladiators/Sprites/Anubis/Anubis_South_Walk.png using Guid(125a63fa69f337b48a5aad9eb6674b2d) Importer(815301076,1909f56bfc062723c751e8b465ee728b)  -> (artifact id: '2235b1a9ee61f1d1b510d86c05034a07') in 0.054642 seconds 
========================================================================
Received Import Request.
  Time since last request: 2.118318 seconds.
  path: Assets/CyberPunk_Blonde/Sprites/Egypt_Gladiators/Sprites/Gladiators/Base/Gladiator_Walk_EastWest.png
  artifactKey: Guid(e2d39dae3865a5c4eb3f04f2f0d44ee3) Importer(815301076,1909f56bfc062723c751e8b465ee728b)
Start importing Assets/CyberPunk_Blonde/Sprites/Egypt_Gladiators/Sprites/Gladiators/Base/Gladiator_Walk_EastWest.png using Guid(e2d39dae3865a5c4eb3f04f2f0d44ee3) Importer(815301076,1909f56bfc062723c751e8b465ee728b)  -> (artifact id: 'd8083d0354b2d1d129864d260f94c1c0') in 0.068852 seconds 
========================================================================
Received Import Request.
  Time since last request: 9.227500 seconds.
  path: Assets/CyberPunk_Blonde/Sprites/Egypt_Gladiators/Sprites/Gladiators/Blue/BLUE_Walk_North.png
  artifactKey: Guid(da2e6e929cde37b40a4f8203dc9a674f) Importer(815301076,1909f56bfc062723c751e8b465ee728b)
Start importing Assets/CyberPunk_Blonde/Sprites/Egypt_Gladiators/Sprites/Gladiators/Blue/BLUE_Walk_North.png using Guid(da2e6e929cde37b40a4f8203dc9a674f) Importer(815301076,1909f56bfc062723c751e8b465ee728b)  -> (artifact id: '1fd93e68f9fad4a58655d07fa3b2acc0') in 0.034817 seconds 
========================================================================
Received Import Request.
  Time since last request: 0.775918 seconds.
  path: Assets/CyberPunk_Blonde/Sprites/Egypt_Gladiators/Sprites/Gladiators/Orange/ORANGE_Walk_North.png
  artifactKey: Guid(9c1461eb77b66ef4ca402c5cc4f4796d) Importer(815301076,1909f56bfc062723c751e8b465ee728b)
Start importing Assets/CyberPunk_Blonde/Sprites/Egypt_Gladiators/Sprites/Gladiators/Orange/ORANGE_Walk_North.png using Guid(9c1461eb77b66ef4ca402c5cc4f4796d) Importer(815301076,1909f56bfc062723c751e8b465ee728b)  -> (artifact id: 'c52784b650abc345d135ec4e38966eb4') in 0.035097 seconds 
========================================================================
Received Import Request.
  Time since last request: 0.000020 seconds.
  path: Assets/CyberPunk_Blonde/Sprites/Egypt_Gladiators/Sprites/Gladiators/Orange/ORANGE_Walk_West.png
  artifactKey: Guid(967fcae4feeef3744a92c64db1061f2c) Importer(815301076,1909f56bfc062723c751e8b465ee728b)
Start importing Assets/CyberPunk_Blonde/Sprites/Egypt_Gladiators/Sprites/Gladiators/Orange/ORANGE_Walk_West.png using Guid(967fcae4feeef3744a92c64db1061f2c) Importer(815301076,1909f56bfc062723c751e8b465ee728b)  -> (artifact id: '6f548ac24ca618265a14133728c52ef9') in 0.020956 seconds 
========================================================================
Received Import Request.
  Time since last request: 1.086536 seconds.
  path: Assets/CyberPunk_Blonde/Sprites/Egypt_Gladiators/Sprites/Pickups, Effects, UI/Pickups.png
  artifactKey: Guid(faed853ca9a133c43bc050cb92ead8de) Importer(815301076,1909f56bfc062723c751e8b465ee728b)
Start importing Assets/CyberPunk_Blonde/Sprites/Egypt_Gladiators/Sprites/Pickups, Effects, UI/Pickups.png using Guid(faed853ca9a133c43bc050cb92ead8de) Importer(815301076,1909f56bfc062723c751e8b465ee728b)  -> (artifact id: '55407efe709535e034ecd59c19edbbe0') in 0.068218 seconds 
Editor requested this worker to shutdown with reason: Scaling down because of idle timeout
AssetImportWorker is now disconnected from the server
Process exiting
Exiting without the bug reporter. Application will terminate with return code 0