Using pre-set license
Built from '2021.3/staging' branch; Version is '2021.3.20f1 (577897200b8b) revision 5732503'; Using compiler version '192829333'; Build Type 'Release'
OS: 'Windows 11  (10.0.22621) 64bit Core' Language: 'en' Physical Memory: 31941 MB
BatchMode: 1, IsHumanControllingUs: 0, StartBugReporterOnCrash: 0, Is64bit: 1, IsPro: 1

COMMAND LINE ARGUMENTS:
C:\Program Files\Unity\Hub\Editor\2021.3.20f1\Editor\Unity.exe
-adb2
-batchMode
-noUpm
-name
AssetImportWorker2
-projectPath
C:/Users/Shuxu/OneDrive/Documents/GitHub/Art_Gallery_Game/My project
-logFile
Logs/AssetImportWorker2.log
-srvPort
57850
Successfully changed project path to: C:/Users/Shuxu/OneDrive/Documents/GitHub/Art_Gallery_Game/My project
C:/Users/Shuxu/OneDrive/Documents/GitHub/Art_Gallery_Game/My project
[UnityMemory] Configuration Parameters - Can be set up in boot.config
    "memorysetup-bucket-allocator-granularity=16"
    "memorysetup-bucket-allocator-bucket-count=8"
    "memorysetup-bucket-allocator-block-size=33554432"
    "memorysetup-bucket-allocator-block-count=8"
    "memorysetup-main-allocator-block-size=16777216"
    "memorysetup-thread-allocator-block-size=16777216"
    "memorysetup-gfx-main-allocator-block-size=16777216"
    "memorysetup-gfx-thread-allocator-block-size=16777216"
    "memorysetup-cache-allocator-block-size=4194304"
    "memorysetup-typetree-allocator-block-size=2097152"
    "memorysetup-profiler-bucket-allocator-granularity=16"
    "memorysetup-profiler-bucket-allocator-bucket-count=8"
    "memorysetup-profiler-bucket-allocator-block-size=33554432"
    "memorysetup-profiler-bucket-allocator-block-count=8"
    "memorysetup-profiler-allocator-block-size=16777216"
    "memorysetup-profiler-editor-allocator-block-size=1048576"
    "memorysetup-temp-allocator-size-main=16777216"
    "memorysetup-job-temp-allocator-block-size=2097152"
    "memorysetup-job-temp-allocator-block-size-background=1048576"
    "memorysetup-job-temp-allocator-reduction-small-platforms=262144"
    "memorysetup-temp-allocator-size-background-worker=32768"
    "memorysetup-temp-allocator-size-job-worker=262144"
    "memorysetup-temp-allocator-size-preload-manager=33554432"
    "memorysetup-temp-allocator-size-nav-mesh-worker=65536"
    "memorysetup-temp-allocator-size-audio-worker=65536"
    "memorysetup-temp-allocator-size-cloud-worker=32768"
    "memorysetup-temp-allocator-size-gi-baking-worker=262144"
    "memorysetup-temp-allocator-size-gfx=262144"
Player connection [37264] Host "[IP] 192.168.0.163 [Port] 0 [Flags] 2 [Guid] 2432568817 [EditorId] 2432568817 [Version] 1048832 [Id] WindowsEditor(7,suz) [Debug] 1 [PackageName] WindowsEditor [ProjectName] Editor" joined multi-casting on [225.0.0.222:54997]...

Player connection [37264] Host "[IP] 192.168.0.163 [Port] 0 [Flags] 2 [Guid] 2432568817 [EditorId] 2432568817 [Version] 1048832 [Id] WindowsEditor(7,suz) [Debug] 1 [PackageName] WindowsEditor [ProjectName] Editor" joined alternative multi-casting on [225.0.0.222:34997]...

Refreshing native plugins compatible for Editor in 112.12 ms, found 4 plugins.
Preloading 0 native plugins for Editor in 0.00 ms.
Initialize engine version: 2021.3.20f1 (577897200b8b)
[Subsystems] Discovering subsystems at path C:/Program Files/Unity/Hub/Editor/2021.3.20f1/Editor/Data/Resources/UnitySubsystems
[Subsystems] Discovering subsystems at path C:/Users/Shuxu/OneDrive/Documents/GitHub/Art_Gallery_Game/My project/Assets
GfxDevice: creating device client; threaded=0; jobified=0
Direct3D:
    Version:  Direct3D 11.0 [level 11.1]
    Renderer: NVIDIA GeForce RTX 3070 Ti Laptop GPU (ID=0x24e0)
    Vendor:   NVIDIA
    VRAM:     8043 MB
    Driver:   30.0.15.1298
Initialize mono
Mono path[0] = 'C:/Program Files/Unity/Hub/Editor/2021.3.20f1/Editor/Data/Managed'
Mono path[1] = 'C:/Program Files/Unity/Hub/Editor/2021.3.20f1/Editor/Data/MonoBleedingEdge/lib/mono/unityjit-win32'
Mono config path = 'C:/Program Files/Unity/Hub/Editor/2021.3.20f1/Editor/Data/MonoBleedingEdge/etc'
Using monoOptions --debugger-agent=transport=dt_socket,embedding=1,server=y,suspend=n,address=127.0.0.1:56432
Begin MonoManager ReloadAssembly
Registering precompiled unity dll's ...
Register platform support module: C:/Program Files/Unity/Hub/Editor/2021.3.20f1/Editor/Data/PlaybackEngines/WindowsStandaloneSupport/UnityEditor.WindowsStandalone.Extensions.dll
Registered in 0.005436 seconds.
Native extension for WindowsStandalone target not found
Refreshing native plugins compatible for Editor in 88.48 ms, found 4 plugins.
Preloading 0 native plugins for Editor in 0.00 ms.
Mono: successfully reloaded assembly
- Completed reload, in  0.548 seconds
Domain Reload Profiling:
	ReloadAssembly (548ms)
		BeginReloadAssembly (77ms)
			ExecutionOrderSort (0ms)
			DisableScriptedObjects (0ms)
			BackupInstance (0ms)
			ReleaseScriptingObjects (0ms)
			CreateAndSetChildDomain (1ms)
		EndReloadAssembly (391ms)
			LoadAssemblies (75ms)
			RebuildTransferFunctionScriptingTraits (0ms)
			SetupTypeCache (78ms)
			ReleaseScriptCaches (0ms)
			RebuildScriptCaches (23ms)
			SetupLoadedEditorAssemblies (246ms)
				LogAssemblyErrors (0ms)
				InitializePlatformSupportModulesInManaged (7ms)
				SetLoadedEditorAssemblies (0ms)
				RefreshPlugins (89ms)
				BeforeProcessingInitializeOnLoad (1ms)
				ProcessInitializeOnLoadAttributes (111ms)
				ProcessInitializeOnLoadMethodAttributes (38ms)
				AfterProcessingInitializeOnLoad (0ms)
				EditorAssembliesLoaded (0ms)
			ExecutionOrderSort2 (0ms)
			AwakeInstancesAfterBackupRestoration (0ms)
Platform modules already initialized, skipping
Registering precompiled user dll's ...
Registered in 0.010089 seconds.
Begin MonoManager ReloadAssembly
Symbol file LoadedFromMemory doesn't match image C:\Users\Shuxu\OneDrive\Documents\GitHub\Art_Gallery_Game\My project\Library\PackageCache\com.unity.visualscripting@1.8.0\Editor\VisualScripting.Core\Dependencies\YamlDotNet\Unity.VisualScripting.YamlDotNet.dll
Symbol file LoadedFromMemory doesn't match image C:\Users\Shuxu\OneDrive\Documents\GitHub\Art_Gallery_Game\My project\Library\PackageCache\com.unity.visualscripting@1.8.0\Editor\VisualScripting.Core\Dependencies\DotNetZip\Unity.VisualScripting.IonicZip.dll
Native extension for WindowsStandalone target not found
Refreshing native plugins compatible for Editor in 84.16 ms, found 4 plugins.
Preloading 0 native plugins for Editor in 0.00 ms.
Mono: successfully reloaded assembly
- Completed reload, in  0.999 seconds
Domain Reload Profiling:
	ReloadAssembly (1000ms)
		BeginReloadAssembly (112ms)
			ExecutionOrderSort (0ms)
			DisableScriptedObjects (5ms)
			BackupInstance (0ms)
			ReleaseScriptingObjects (0ms)
			CreateAndSetChildDomain (25ms)
		EndReloadAssembly (797ms)
			LoadAssemblies (93ms)
			RebuildTransferFunctionScriptingTraits (0ms)
			SetupTypeCache (186ms)
			ReleaseScriptCaches (1ms)
			RebuildScriptCaches (44ms)
			SetupLoadedEditorAssemblies (450ms)
				LogAssemblyErrors (0ms)
				InitializePlatformSupportModulesInManaged (5ms)
				SetLoadedEditorAssemblies (0ms)
				RefreshPlugins (84ms)
				BeforeProcessingInitializeOnLoad (85ms)
				ProcessInitializeOnLoadAttributes (238ms)
				ProcessInitializeOnLoadMethodAttributes (31ms)
				AfterProcessingInitializeOnLoad (8ms)
				EditorAssembliesLoaded (0ms)
			ExecutionOrderSort2 (0ms)
			AwakeInstancesAfterBackupRestoration (6ms)
Platform modules already initialized, skipping
========================================================================
Worker process is ready to serve import requests
Launched and connected shader compiler UnityShaderCompiler.exe after 0.05 seconds
Refreshing native plugins compatible for Editor in 0.91 ms, found 4 plugins.
Preloading 0 native plugins for Editor in 0.00 ms.
Unloading 4133 Unused Serialized files (Serialized files now loaded: 0)
Unloading 38 unused Assets / (56.4 KB). Loaded Objects now: 4594.
Memory consumption went from 159.4 MB to 159.4 MB.
Total: 3.582500 ms (FindLiveObjects: 0.352800 ms CreateObjectMapping: 0.151200 ms MarkObjects: 2.990500 ms  DeleteObjects: 0.086900 ms)

AssetImportParameters requested are different than current active one (requested -> active):
  custom:video-decoder-ogg-theora: a1e56fd34408186e4bbccfd4996cb3dc -> 
  custom:container-muxer-webm: aa71ff27fc2769a1b78a27578f13a17b -> 
  custom:container-demuxer-webm: 4f35f7cbe854078d1ac9338744f61a02 -> 
  custom:video-encoder-webm-vp8: eb34c28f22e8b96e1ab97ce403110664 -> 
  custom:video-codec-MediaFoundation-h265: 746d11721c4dcdbdad8f713fa42b33f4 -> 
  custom:audio-encoder-webm-vorbis: bf7c407c2cedff20999df2af8eb42d56 -> 
  custom:framework-win-MediaFoundation: 216162199b28c13a410421893ffa2e32 -> 
  custom:container-demuxer-ogg: 62fdf1f143b41e24485cea50d1cbac27 -> 
  custom:video-decoder-webm-vp8: 9c59270c3fd7afecdb556c50c9e8de78 -> 
  custom:audio-decoder-ogg-vorbis: bf7c407c2cedff20999df2af8eb42d56 -> 
========================================================================
Received Import Request.
  Time since last request: 299589.518240 seconds.
  path: Assets/SimplePixelUI/artwork/colorCustomizible/rounded/Background_CC_rounded.png
  artifactKey: Guid(8117ad03e7d28324f97b6eddfdcd1e1d) Importer(815301076,1909f56bfc062723c751e8b465ee728b)
Start importing Assets/SimplePixelUI/artwork/colorCustomizible/rounded/Background_CC_rounded.png using Guid(8117ad03e7d28324f97b6eddfdcd1e1d) Importer(815301076,1909f56bfc062723c751e8b465ee728b)  -> (artifact id: '3c5d9fd31b2ec74311169df2e59df376') in 0.106379 seconds 
========================================================================
Received Import Request.
  Time since last request: 0.559704 seconds.
  path: Assets/SimplePixelUI/artwork/colorCustomizible/square/background.png
  artifactKey: Guid(e4b7033fca3bc0e4192a1b77d73431d7) Importer(815301076,1909f56bfc062723c751e8b465ee728b)
Start importing Assets/SimplePixelUI/artwork/colorCustomizible/square/background.png using Guid(e4b7033fca3bc0e4192a1b77d73431d7) Importer(815301076,1909f56bfc062723c751e8b465ee728b)  -> (artifact id: '6ac35c144888ad19d9bf715640e47fe4') in 0.018087 seconds 
========================================================================
Received Import Request.
  Time since last request: 0.000027 seconds.
  path: Assets/SimplePixelUI/artwork/colorCustomizible/square/slot.png
  artifactKey: Guid(4a7e5d2419d92754da4c0f6996f2e419) Importer(815301076,1909f56bfc062723c751e8b465ee728b)
Start importing Assets/SimplePixelUI/artwork/colorCustomizible/square/slot.png using Guid(4a7e5d2419d92754da4c0f6996f2e419) Importer(815301076,1909f56bfc062723c751e8b465ee728b)  -> (artifact id: 'e1497e7eabd9ed823ad2244aad4621c8') in 0.016875 seconds 
========================================================================
Received Import Request.
  Time since last request: 3.342127 seconds.
  path: Assets/SimplePixelUI/artwork/gray/rounded/Background_GB_rounded.png
  artifactKey: Guid(d3c0f49491ca1984db8f070190a53b2a) Importer(815301076,1909f56bfc062723c751e8b465ee728b)
Start importing Assets/SimplePixelUI/artwork/gray/rounded/Background_GB_rounded.png using Guid(d3c0f49491ca1984db8f070190a53b2a) Importer(815301076,1909f56bfc062723c751e8b465ee728b)  -> (artifact id: '686d891813dc004525e7f0abedc8da44') in 0.018247 seconds 
========================================================================
Received Import Request.
  Time since last request: 0.536475 seconds.
  path: Assets/SimplePixelUI/artwork/gray/square/background.png
  artifactKey: Guid(c6a80f4e6cff1f344ab8fe27bc2843a7) Importer(815301076,1909f56bfc062723c751e8b465ee728b)
Start importing Assets/SimplePixelUI/artwork/gray/square/background.png using Guid(c6a80f4e6cff1f344ab8fe27bc2843a7) Importer(815301076,1909f56bfc062723c751e8b465ee728b)  -> (artifact id: 'f148ce1eaf24e19e40e44d59466d6dea') in 0.016584 seconds 
========================================================================
Received Import Request.
  Time since last request: 0.000024 seconds.
  path: Assets/SimplePixelUI/artwork/gray/square/slot3D.png
  artifactKey: Guid(ab03c476b4151f543989da24826e87c7) Importer(815301076,1909f56bfc062723c751e8b465ee728b)
Start importing Assets/SimplePixelUI/artwork/gray/square/slot3D.png using Guid(ab03c476b4151f543989da24826e87c7) Importer(815301076,1909f56bfc062723c751e8b465ee728b)  -> (artifact id: '517da7242998e166bd802b840bc9f672') in 0.014966 seconds 
========================================================================
Received Import Request.
  Time since last request: 11.468061 seconds.
  path: Assets/SimplePixelUI/fonts/Font1
  artifactKey: Guid(258bd7417d3eb4949b2976f26006b90b) Importer(815301076,1909f56bfc062723c751e8b465ee728b)
Start importing Assets/SimplePixelUI/fonts/Font1 using Guid(258bd7417d3eb4949b2976f26006b90b) Importer(815301076,1909f56bfc062723c751e8b465ee728b)  -> (artifact id: '0575694047d370bbf90bd7715b66aee9') in 0.011103 seconds 
========================================================================
Received Import Request.
  Time since last request: 1.691621 seconds.
  path: Assets/SimplePixelUI/fonts/Font1/pixelfont.ttf
  artifactKey: Guid(b6349d08a5335cd4aa534282435d11cc) Importer(815301076,1909f56bfc062723c751e8b465ee728b)
Start importing Assets/SimplePixelUI/fonts/Font1/pixelfont.ttf using Guid(b6349d08a5335cd4aa534282435d11cc) Importer(815301076,1909f56bfc062723c751e8b465ee728b)  -> (artifact id: '73ac045c8b583dd442bc8433df5e7728') in 0.049839 seconds 
========================================================================
Received Import Request.
  Time since last request: 0.572679 seconds.
  path: Assets/SimplePixelUI/fonts/Font2/pixelfont2.ttf
  artifactKey: Guid(a6dede01cb8e479429b8bc5253a2ad2f) Importer(815301076,1909f56bfc062723c751e8b465ee728b)
Start importing Assets/SimplePixelUI/fonts/Font2/pixelfont2.ttf using Guid(a6dede01cb8e479429b8bc5253a2ad2f) Importer(815301076,1909f56bfc062723c751e8b465ee728b)  -> (artifact id: '2dc1f97a48f60194b05514d10418ec01') in 0.018516 seconds 
========================================================================
Received Import Request.
  Time since last request: 10.536932 seconds.
  path: Assets/SimplePixelUI/update 1.15/arrow_CC.png
  artifactKey: Guid(40cc30e0527a8ed499251b53aca4a2a4) Importer(815301076,1909f56bfc062723c751e8b465ee728b)
Start importing Assets/SimplePixelUI/update 1.15/arrow_CC.png using Guid(40cc30e0527a8ed499251b53aca4a2a4) Importer(815301076,1909f56bfc062723c751e8b465ee728b)  -> (artifact id: '1976b4a089ce3d1bdeb155dd3e57aa96') in 0.019605 seconds 
========================================================================
Received Import Request.
  Time since last request: 0.000017 seconds.
  path: Assets/SimplePixelUI/update 1.15/dropdown_rounded_CC.png
  artifactKey: Guid(b75ba154dac4d664aba533ede099ae21) Importer(815301076,1909f56bfc062723c751e8b465ee728b)
Start importing Assets/SimplePixelUI/update 1.15/dropdown_rounded_CC.png using Guid(b75ba154dac4d664aba533ede099ae21) Importer(815301076,1909f56bfc062723c751e8b465ee728b)  -> (artifact id: 'e7e01106f56c028aab0819d56ee21211') in 0.015404 seconds 
========================================================================
Received Import Request.
  Time since last request: 42.591497 seconds.
  path: Assets/SimplePixelUI/artwork/halfcustomizible/rounded
  artifactKey: Guid(0c769134db3a6cd42aeff07c5319477b) Importer(815301076,1909f56bfc062723c751e8b465ee728b)
Start importing Assets/SimplePixelUI/artwork/halfcustomizible/rounded using Guid(0c769134db3a6cd42aeff07c5319477b) Importer(815301076,1909f56bfc062723c751e8b465ee728b)  -> (artifact id: '62f1e4d7a7d3934abd837d5416e44b3f') in 0.009288 seconds 
========================================================================
Received Import Request.
  Time since last request: 0.667913 seconds.
  path: Assets/SimplePixelUI/artwork/halfcustomizible/rounded/Background_HCC_rounded.png
  artifactKey: Guid(125772fa577f22c42971097edbeefae9) Importer(815301076,1909f56bfc062723c751e8b465ee728b)
Start importing Assets/SimplePixelUI/artwork/halfcustomizible/rounded/Background_HCC_rounded.png using Guid(125772fa577f22c42971097edbeefae9) Importer(815301076,1909f56bfc062723c751e8b465ee728b)  -> (artifact id: 'c39cb4e9720f9b7ce0e23f20f7cc70e1') in 0.027788 seconds 
========================================================================
Received Import Request.
  Time since last request: 0.000059 seconds.
  path: Assets/SimplePixelUI/artwork/halfcustomizible/rounded/InputField_Rounded_HCC.png
  artifactKey: Guid(7c98ef26d36aa8b4aba693b5f40497fd) Importer(815301076,1909f56bfc062723c751e8b465ee728b)
Start importing Assets/SimplePixelUI/artwork/halfcustomizible/rounded/InputField_Rounded_HCC.png using Guid(7c98ef26d36aa8b4aba693b5f40497fd) Importer(815301076,1909f56bfc062723c751e8b465ee728b)  -> (artifact id: '7bfcd5df5e4b339058329ac342cd8931') in 0.015625 seconds 
========================================================================
Received Import Request.
  Time since last request: 13.299100 seconds.
  path: Assets/SimplePixelUI/artwork/gray/rounded/buttons
  artifactKey: Guid(24404a41c1f8ff6468218da5224452e6) Importer(815301076,1909f56bfc062723c751e8b465ee728b)
Start importing Assets/SimplePixelUI/artwork/gray/rounded/buttons using Guid(24404a41c1f8ff6468218da5224452e6) Importer(815301076,1909f56bfc062723c751e8b465ee728b)  -> (artifact id: '4889e25958ca7461c331e89d810c187f') in 0.007998 seconds 
========================================================================
Received Import Request.
  Time since last request: 1.087792 seconds.
  path: Assets/SimplePixelUI/artwork/gray/rounded/buttons/button2_rounded_GB.png
  artifactKey: Guid(71f57f61de6633743a720938077a69de) Importer(815301076,1909f56bfc062723c751e8b465ee728b)
Start importing Assets/SimplePixelUI/artwork/gray/rounded/buttons/button2_rounded_GB.png using Guid(71f57f61de6633743a720938077a69de) Importer(815301076,1909f56bfc062723c751e8b465ee728b)  -> (artifact id: '3e49c85cafe008a4440a0985ae2057ba') in 0.024669 seconds 
========================================================================
Received Prepare
Registering precompiled user dll's ...
Registered in 0.013164 seconds.
Begin MonoManager ReloadAssembly
Symbol file LoadedFromMemory doesn't match image C:\Users\Shuxu\OneDrive\Documents\GitHub\Art_Gallery_Game\My project\Library\PackageCache\com.unity.visualscripting@1.8.0\Editor\VisualScripting.Core\Dependencies\YamlDotNet\Unity.VisualScripting.YamlDotNet.dll
Symbol file LoadedFromMemory doesn't match image C:\Users\Shuxu\OneDrive\Documents\GitHub\Art_Gallery_Game\My project\Library\PackageCache\com.unity.visualscripting@1.8.0\Editor\VisualScripting.Core\Dependencies\DotNetZip\Unity.VisualScripting.IonicZip.dll
Native extension for WindowsStandalone target not found
Refreshing native plugins compatible for Editor in 1.81 ms, found 4 plugins.
Preloading 0 native plugins for Editor in 0.00 ms.
Mono: successfully reloaded assembly
- Completed reload, in  1.138 seconds
Domain Reload Profiling:
	ReloadAssembly (1139ms)
		BeginReloadAssembly (169ms)
			ExecutionOrderSort (0ms)
			DisableScriptedObjects (5ms)
			BackupInstance (0ms)
			ReleaseScriptingObjects (0ms)
			CreateAndSetChildDomain (47ms)
		EndReloadAssembly (856ms)
			LoadAssemblies (122ms)
			RebuildTransferFunctionScriptingTraits (0ms)
			SetupTypeCache (251ms)
			ReleaseScriptCaches (2ms)
			RebuildScriptCaches (46ms)
			SetupLoadedEditorAssemblies (398ms)
				LogAssemblyErrors (0ms)
				InitializePlatformSupportModulesInManaged (6ms)
				SetLoadedEditorAssemblies (1ms)
				RefreshPlugins (2ms)
				BeforeProcessingInitializeOnLoad (78ms)
				ProcessInitializeOnLoadAttributes (264ms)
				ProcessInitializeOnLoadMethodAttributes (38ms)
				AfterProcessingInitializeOnLoad (9ms)
				EditorAssembliesLoaded (0ms)
			ExecutionOrderSort2 (0ms)
			AwakeInstancesAfterBackupRestoration (10ms)
Platform modules already initialized, skipping
Refreshing native plugins compatible for Editor in 3.82 ms, found 4 plugins.
Preloading 0 native plugins for Editor in 0.00 ms.
Unloading 4109 Unused Serialized files (Serialized files now loaded: 0)
Unloading 23 unused Assets / (24.7 KB). Loaded Objects now: 4656.
Memory consumption went from 161.7 MB to 161.7 MB.
Total: 3.804300 ms (FindLiveObjects: 0.272800 ms CreateObjectMapping: 0.108000 ms MarkObjects: 3.364000 ms  DeleteObjects: 0.057800 ms)

AssetImportParameters requested are different than current active one (requested -> active):
  custom:video-decoder-ogg-theora: a1e56fd34408186e4bbccfd4996cb3dc -> 
  custom:container-muxer-webm: aa71ff27fc2769a1b78a27578f13a17b -> 
  custom:container-demuxer-webm: 4f35f7cbe854078d1ac9338744f61a02 -> 
  custom:video-encoder-webm-vp8: eb34c28f22e8b96e1ab97ce403110664 -> 
  custom:video-codec-MediaFoundation-h265: 746d11721c4dcdbdad8f713fa42b33f4 -> 
  custom:audio-encoder-webm-vorbis: bf7c407c2cedff20999df2af8eb42d56 -> 
  custom:framework-win-MediaFoundation: 216162199b28c13a410421893ffa2e32 -> 
  custom:container-demuxer-ogg: 62fdf1f143b41e24485cea50d1cbac27 -> 
  custom:video-decoder-webm-vp8: 9c59270c3fd7afecdb556c50c9e8de78 -> 
  custom:audio-decoder-ogg-vorbis: bf7c407c2cedff20999df2af8eb42d56 -> 
========================================================================
Received Prepare
Registering precompiled user dll's ...
Registered in 0.010474 seconds.
Begin MonoManager ReloadAssembly
Symbol file LoadedFromMemory doesn't match image C:\Users\Shuxu\OneDrive\Documents\GitHub\Art_Gallery_Game\My project\Library\PackageCache\com.unity.visualscripting@1.8.0\Editor\VisualScripting.Core\Dependencies\YamlDotNet\Unity.VisualScripting.YamlDotNet.dll
Symbol file LoadedFromMemory doesn't match image C:\Users\Shuxu\OneDrive\Documents\GitHub\Art_Gallery_Game\My project\Library\PackageCache\com.unity.visualscripting@1.8.0\Editor\VisualScripting.Core\Dependencies\DotNetZip\Unity.VisualScripting.IonicZip.dll
Native extension for WindowsStandalone target not found
Refreshing native plugins compatible for Editor in 1.09 ms, found 4 plugins.
Preloading 0 native plugins for Editor in 0.00 ms.
Mono: successfully reloaded assembly
- Completed reload, in  1.091 seconds
Domain Reload Profiling:
	ReloadAssembly (1092ms)
		BeginReloadAssembly (144ms)
			ExecutionOrderSort (0ms)
			DisableScriptedObjects (6ms)
			BackupInstance (0ms)
			ReleaseScriptingObjects (0ms)
			CreateAndSetChildDomain (35ms)
		EndReloadAssembly (847ms)
			LoadAssemblies (115ms)
			RebuildTransferFunctionScriptingTraits (0ms)
			SetupTypeCache (261ms)
			ReleaseScriptCaches (2ms)
			RebuildScriptCaches (43ms)
			SetupLoadedEditorAssemblies (384ms)
				LogAssemblyErrors (0ms)
				InitializePlatformSupportModulesInManaged (6ms)
				SetLoadedEditorAssemblies (0ms)
				RefreshPlugins (1ms)
				BeforeProcessingInitializeOnLoad (75ms)
				ProcessInitializeOnLoadAttributes (259ms)
				ProcessInitializeOnLoadMethodAttributes (32ms)
				AfterProcessingInitializeOnLoad (9ms)
				EditorAssembliesLoaded (0ms)
			ExecutionOrderSort2 (0ms)
			AwakeInstancesAfterBackupRestoration (8ms)
Platform modules already initialized, skipping
Refreshing native plugins compatible for Editor in 3.67 ms, found 4 plugins.
Preloading 0 native plugins for Editor in 0.00 ms.
Unloading 4109 Unused Serialized files (Serialized files now loaded: 0)
Unloading 23 unused Assets / (24.6 KB). Loaded Objects now: 4659.
Memory consumption went from 161.7 MB to 161.7 MB.
Total: 3.459200 ms (FindLiveObjects: 0.284700 ms CreateObjectMapping: 0.093600 ms MarkObjects: 3.049600 ms  DeleteObjects: 0.028800 ms)

AssetImportParameters requested are different than current active one (requested -> active):
  custom:video-decoder-ogg-theora: a1e56fd34408186e4bbccfd4996cb3dc -> 
  custom:container-muxer-webm: aa71ff27fc2769a1b78a27578f13a17b -> 
  custom:container-demuxer-webm: 4f35f7cbe854078d1ac9338744f61a02 -> 
  custom:video-encoder-webm-vp8: eb34c28f22e8b96e1ab97ce403110664 -> 
  custom:video-codec-MediaFoundation-h265: 746d11721c4dcdbdad8f713fa42b33f4 -> 
  custom:audio-encoder-webm-vorbis: bf7c407c2cedff20999df2af8eb42d56 -> 
  custom:framework-win-MediaFoundation: 216162199b28c13a410421893ffa2e32 -> 
  custom:container-demuxer-ogg: 62fdf1f143b41e24485cea50d1cbac27 -> 
  custom:video-decoder-webm-vp8: 9c59270c3fd7afecdb556c50c9e8de78 -> 
  custom:audio-decoder-ogg-vorbis: bf7c407c2cedff20999df2af8eb42d56 -> 
========================================================================
Received Import Request.
  Time since last request: 61.344360 seconds.
  path: Assets/ArtAsset/ClockSprites.png
  artifactKey: Guid(46063703dfae8c8438bbb1e30cfde7e5) Importer(815301076,1909f56bfc062723c751e8b465ee728b)
Start importing Assets/ArtAsset/ClockSprites.png using Guid(46063703dfae8c8438bbb1e30cfde7e5) Importer(815301076,1909f56bfc062723c751e8b465ee728b)  -> (artifact id: '50e9753f8a957de7492f5c78381cce63') in 0.166046 seconds 
========================================================================
Received Import Request.
  Time since last request: 0.000023 seconds.
  path: Assets/ArtAsset/Fence.png
  artifactKey: Guid(3be6f44a081b0f0459ec5a96b686fb73) Importer(815301076,1909f56bfc062723c751e8b465ee728b)
Start importing Assets/ArtAsset/Fence.png using Guid(3be6f44a081b0f0459ec5a96b686fb73) Importer(815301076,1909f56bfc062723c751e8b465ee728b)  -> (artifact id: 'daf431ac3d54ef7543d8d8be6f8abef2') in 0.086115 seconds 
========================================================================
Received Import Request.
  Time since last request: 0.000029 seconds.
  path: Assets/ArtAsset/interior.png
  artifactKey: Guid(42f8b5be2a96d3b418f619bbbd75b28c) Importer(815301076,1909f56bfc062723c751e8b465ee728b)
Start importing Assets/ArtAsset/interior.png using Guid(42f8b5be2a96d3b418f619bbbd75b28c) Importer(815301076,1909f56bfc062723c751e8b465ee728b)  -> (artifact id: 'b9bee1d0971fe573fb7246e11ea41741') in 0.574152 seconds 
========================================================================
Received Import Request.
  Time since last request: 0.000033 seconds.
  path: Assets/ArtAsset/Door0.png
  artifactKey: Guid(ae469f7445bb3784baec4f5f3d1c4ffe) Importer(815301076,1909f56bfc062723c751e8b465ee728b)
Start importing Assets/ArtAsset/Door0.png using Guid(ae469f7445bb3784baec4f5f3d1c4ffe) Importer(815301076,1909f56bfc062723c751e8b465ee728b)  -> (artifact id: '5afa66e908a0cffff142a2e95354d976') in 0.064444 seconds 
========================================================================
Received Import Request.
  Time since last request: 0.000038 seconds.
  path: Assets/ArtAsset/Floor.png
  artifactKey: Guid(d6215c23f718ccb4ca7e7c2a63fde55e) Importer(815301076,1909f56bfc062723c751e8b465ee728b)
Start importing Assets/ArtAsset/Floor.png using Guid(d6215c23f718ccb4ca7e7c2a63fde55e) Importer(815301076,1909f56bfc062723c751e8b465ee728b)  -> (artifact id: 'ddea0d2ca33f55d2face434335c38002') in 0.444972 seconds 
========================================================================
Received Import Request.
  Time since last request: 0.000020 seconds.
  path: Assets/ArtAsset/desktop-wallpaper-best-pixel-art-backgroundssteamcommunity-dark-pixel.jpg
  artifactKey: Guid(a1f24922236119b44a53b1b01e1d7b14) Importer(815301076,1909f56bfc062723c751e8b465ee728b)
Start importing Assets/ArtAsset/desktop-wallpaper-best-pixel-art-backgroundssteamcommunity-dark-pixel.jpg using Guid(a1f24922236119b44a53b1b01e1d7b14) Importer(815301076,1909f56bfc062723c751e8b465ee728b)  -> (artifact id: '68dcdeed6fd91932adc7ed6fe940f99d') in 0.039733 seconds 
Editor requested this worker to shutdown with reason: Scaling down because of idle timeout
AssetImportWorker is now disconnected from the server
Process exiting
Exiting without the bug reporter. Application will terminate with return code 0